<?xml version="1.0" encoding="UTF-8"?>
<!-- Generated by org.testng.reporters.JUnitReportReporter -->
<testsuite hostname="DESKTOP-1R0M93A" failures="0" tests="2" name="dockerMaven.dockerSeleniumGrid.setupDockerGrid" time="30.443" errors="0" timestamp="2020-07-26T01:44:23 IST" skipped="0">
  <testcase classname="dockerMaven.dockerSeleniumGrid.setupDockerGrid" name="startDocker" time="20.105"/>
  <system-out/>
  <testcase classname="dockerMaven.dockerSeleniumGrid.setupDockerGrid" name="stopDocker" time="10.338"/>
  <system-out/>
</testsuite> <!-- dockerMaven.dockerSeleniumGrid.setupDockerGrid -->
