<?xml version="1.0" encoding="UTF-8"?>
<!-- Generated by org.testng.reporters.JUnitReportReporter -->
<testsuite hostname="DESKTOP-1R0M93A" failures="0" tests="1" name="dockerMaven.dockerSeleniumGrid.test3" time="11.945" errors="0" timestamp="2020-07-26T01:03:42 IST" skipped="0">
  <testcase classname="dockerMaven.dockerSeleniumGrid.test3" name="Firefox" time="11.945"/>
  <system-out/>
</testsuite> <!-- dockerMaven.dockerSeleniumGrid.test3 -->
