<?xml version="1.0" encoding="UTF-8"?>
<!-- Generated by org.testng.reporters.JUnitReportReporter -->
<testsuite hostname="DESKTOP-1R0M93A" failures="0" tests="1" name="dockerMaven.dockerSeleniumGrid.test1" time="6.080" errors="0" timestamp="2020-07-30T09:50:03 IST" skipped="0">
  <testcase classname="dockerMaven.dockerSeleniumGrid.test1" name="Chrome" time="6.080"/>
  <system-out/>
</testsuite> <!-- dockerMaven.dockerSeleniumGrid.test1 -->
