<?xml version="1.0" encoding="UTF-8"?>
<!-- Generated by org.testng.reporters.JUnitReportReporter -->
<testsuite hostname="DESKTOP-1R0M93A" failures="0" tests="1" name="dockerMaven.dockerSeleniumGrid.test2" time="14.036" errors="0" timestamp="2020-08-21T09:58:42 IST" skipped="0">
  <testcase classname="dockerMaven.dockerSeleniumGrid.test2" name="Firefox" time="14.036"/>
  <system-out/>
</testsuite> <!-- dockerMaven.dockerSeleniumGrid.test2 -->
